Difference:  
"  {
-   DateCreated: Date 2022-01-15 00:00:00 UTC {},
+   DateCreated: Date 2022-01-14 23:00:00 UTC {},
    EmailConfirmed: true,
    FirstName: 'Kupac',
    Gender: 'Male',
    IsPartner: null,
    LastName: 'Kupic',
    LogoImage: null,
    PIB: null,
    ProfileImage: 'https://sm.ign.com/t/ign_sr/news/m/mr-robot-e/mr-robot-ending-after-season-4_qt7j.1280.jpg',
    RestaurantCity: null,
    RestaurantCountry: null,
    RestaurantDescription: null,
    RestaurantEmail: null,
    RestaurantHouseNumber: null,
    RestaurantName: null,
    RestaurantPhoneNumber1: null,
    RestaurantPhoneNumber2: null,
    RestaurantPostalCode: null,
    RestaurantStreet: null,
    RoleName: 'User',
    UserCity: 'Niš',
    UserCountry: 'Srbija',
-   UserDescription: '',
+   UserDescription: 'Lorem ipsum',
    UserEmail: 'kupac@gmail.com',
    UserHouseNumber: '23',
    UserId: 1,
    UserPhoneNumber1: '+38161111111',
    UserPhoneNumber2: '+3816222222',
    UserPostalCode: '18000',
-   UserStreet: 'Nikole Pašica',
+   UserStreet: 'Nikole Pašića',
  }" 
 ====================================================================  
Difference:  
"  {
-   DateCreated: Date 2022-01-15 00:00:00 UTC {},
+   DateCreated: Date 2022-01-14 23:00:00 UTC {},
    EmailConfirmed: true,
    FirstName: 'Restoran',
    Gender: 'Male',
    IsPartner: false,
    LastName: 'Restoranic',
    LogoImage: 'https://indonesia.tripcanvas.co/wp-content/uploads/2016/09/3-1-outdoor-via-jojothen.jpg',
    PIB: '666',
    ProfileImage: 'https://indonesia.tripcanvas.co/wp-content/uploads/2016/09/3-1-outdoor-via-jojothen.jpg',
    RestaurantCity: 'Niš',
    RestaurantCountry: 'Srbija',
    RestaurantDescription: 'Lorem ipsum jakarta',
    RestaurantEmail: 'jakarta@gmail.com',
    RestaurantHouseNumber: '25',
    RestaurantName: 'Jakarta',
    RestaurantPhoneNumber1: '+38165555555',
    RestaurantPhoneNumber2: '+38166666666',
    RestaurantPostalCode: '18000',
-   RestaurantStreet: 'Nikole Pašica',
+   RestaurantStreet: 'Nikole Pašića',
    RoleName: 'Seller',
    UserCity: 'Niš',
    UserCountry: 'Srbija',
-   UserDescription: 'Lorem ipsum',
+   UserDescription: '',
    UserEmail: 'restoran@gmail.com',
    UserHouseNumber: '24',
    UserId: 2,
    UserPhoneNumber1: '+38163333333',
    UserPhoneNumber2: '+3816444444444',
    UserPostalCode: '18000',
-   UserStreet: 'Nikole Pašica',
+   UserStreet: 'Nikole Pašića',
  }" 
 ====================================================================  
